Arguments: 
  /home/saviosa/.asdf/installs/nodejs/16.16.0/bin/node /home/saviosa/.asdf/installs/nodejs/16.16.0/.npm/bin/yarn init vue

PATH: 
  /home/saviosa/.asdf/plugins/nodejs/shims:/home/saviosa/.asdf/installs/nodejs/16.16.0/.npm/bin:/home/saviosa/.asdf/installs/nodejs/16.16.0/bin:/home/saviosa/.asdf/shims:/home/saviosa/.asdf/bin:/home/saviosa/.sdkman/candidates/java/current/bin:/tmp/fnm_multishells/46714_1658340542771/bin:/home/saviosa/.fnm:/home/linuxbrew/.linuxbrew/bin:/home/linuxbrew/.linuxbrew/sbin:/home/saviosa/.local/bin:/usr/local/sbin:/usr/local/bin:/usr/sbin:/usr/bin:/sbin:/bin:/usr/games:/usr/local/games:/snap/bin

Yarn version: 
  1.22.19

Node version: 
  16.16.0

Platform: 
  linux x64

Trace: 
  Error: canceled
      at Interface.<anonymous> (/home/saviosa/.asdf/installs/nodejs/16.16.0/.npm/lib/node_modules/yarn/lib/cli.js:137150:13)
      at Interface.emit (node:events:527:28)
      at Interface._ttyWrite (node:readline:1081:16)
      at ReadStream.onkeypress (node:readline:288:10)
      at ReadStream.emit (node:events:527:28)
      at emitKeys (node:internal/readline/utils:358:14)
      at emitKeys.next (<anonymous>)
      at ReadStream.onData (node:internal/readline/emitKeypressEvents:61:36)
      at ReadStream.emit (node:events:527:28)
      at addChunk (node:internal/streams/readable:315:12)

npm manifest: 
  {
    "name": "registration",
    "version": "1.0.0",
    "main": "index.js",
    "license": "MIT"
  }

yarn manifest: 
  No manifest

Lockfile: 
  No lockfile
